[2020-08-05T15:45:43.211] [INFO] cheese - 请求参数:POST /mock-api/v1/user/login  ,接受到的参数:===>{"username":"admin","password":"123456"}
[2020-08-05T15:45:43.213] [INFO] cheese - 响应时间为:0.003s
[2020-08-05T15:45:43.427] [INFO] cheese - 请求参数:POST /mock-api/v1/user/info  ,接受到的参数:===>{"username":"admin","meta":{"signature":"9e5190ea56eb84327c891ee340508590","_":"1596613543411"}}
[2020-08-05T15:45:43.428] [INFO] cheese - 响应时间为:0.001s
[2020-08-05T15:46:31.496] [INFO] cheese - 请求参数:POST /mock-api/v1/user/info  ,接受到的参数:===>{"username":"admin","meta":{"signature":"83442fe435199c6974fb24a0ff2453cf","_":"1596613591482"}}
[2020-08-05T15:46:31.497] [INFO] cheese - 响应时间为:0.001s
[2020-08-05T15:46:57.327] [INFO] cheese - 请求参数:POST /mock-api/v1/user/info  ,接受到的参数:===>{"username":"admin","meta":{"signature":"ec79393036c29aee443fdfaa4de78a2e","_":"1596613617318"}}
[2020-08-05T15:46:57.327] [INFO] cheese - 响应时间为:0s
[2020-08-05T15:47:40.342] [INFO] cheese - 请求参数:POST /mock-api/v1/user/info  ,接受到的参数:===>{"username":"admin","meta":{"signature":"2f57438a543477446c70ab45a5457885","_":"1596613660330"}}
[2020-08-05T15:47:40.342] [INFO] cheese - 响应时间为:0s
[2020-08-05T15:51:15.425] [INFO] cheese - 请求参数:POST /mock-api/v1/user/info  ,接受到的参数:===>{"username":"admin","meta":{"signature":"8058cdb0bd36e35cbb671a39863c7bc0","_":"1596613875407"}}
[2020-08-05T15:51:15.426] [INFO] cheese - 响应时间为:0.001s
[2020-08-05T15:53:00.996] [INFO] cheese - 请求参数:POST /mock-api/v1/user/info  ,接受到的参数:===>{"username":"admin","meta":{"signature":"f5746f3fbf5761b412b3fb623939fcd2","_":"1596613980889"}}
[2020-08-05T15:53:00.999] [INFO] cheese - 响应时间为:0.004s
[2020-08-05T15:55:58.531] [INFO] cheese - 请求参数:POST /mock-api/v1/user/info  ,接受到的参数:===>{"username":"admin","meta":{"signature":"51cbfec69dc6d8983de47b2b59a117b4","_":"1596614158512"}}
[2020-08-05T15:55:58.531] [INFO] cheese - 响应时间为:0s
[2020-08-05T15:56:07.228] [INFO] cheese - 请求参数:POST /mock-api/v1/user/info  ,接受到的参数:===>{"username":"admin","meta":{"signature":"2fe200543be09d67a19244e9f31f5436","_":"1596614167221"}}
[2020-08-05T15:56:07.228] [INFO] cheese - 响应时间为:0s
[2020-08-05T16:03:23.514] [INFO] cheese - 请求参数:POST /mock-api/v1/user/login  ,接受到的参数:===>{"username":"admin","password":"123456","meta":{"signature":"512cd2d4707caa3a688b43366c07191e","_":"1596614603489"}}
[2020-08-05T16:03:23.515] [INFO] cheese - 响应时间为:0.002s
[2020-08-05T16:08:13.701] [INFO] cheese - 请求参数:POST /mock-api/v1/user/info  ,接受到的参数:===>{"username":"admin","meta":{"signature":"be166090f76a223841e8fea9def6e928","_":"1596614893683"}}
[2020-08-05T16:08:13.702] [INFO] cheese - 响应时间为:0.001s
[2020-08-05T16:11:27.854] [INFO] cheese - 请求参数:POST /mock-api/v1/user/login  ,接受到的参数:===>{"username":"admin","password":"123456"}
[2020-08-05T16:11:27.857] [INFO] cheese - 响应时间为:0.004s
[2020-08-05T16:11:28.073] [INFO] cheese - 请求参数:POST /mock-api/v1/user/info  ,接受到的参数:===>{"username":"admin","meta":{"signature":"8e97bab45849deb6dbcab9f80e4d2b2d","_":"1596615088058"}}
[2020-08-05T16:11:28.074] [INFO] cheese - 响应时间为:0.001s
[2020-08-05T16:11:31.493] [INFO] cheese - 请求参数:POST /mock-api/v1/user/info  ,接受到的参数:===>{"username":"admin","meta":{"signature":"5fd438988b4c04f5b571537a08ed15e2","_":"1596615091487"}}
[2020-08-05T16:11:31.494] [INFO] cheese - 响应时间为:0.001s
[2020-08-05T16:13:54.277] [INFO] cheese - 请求参数:POST /mock-api/v1/user/info  ,接受到的参数:===>{"username":"admin","meta":{"signature":"91d9f26535dd62fc168ffe4f6f4bf491","_":"1596615234250"}}
[2020-08-05T16:13:54.279] [INFO] cheese - 响应时间为:0.002s
[2020-08-05T16:14:05.513] [INFO] cheese - 请求参数:POST /mock-api/v1/user/info  ,接受到的参数:===>{"username":"admin","meta":{"signature":"88e51d3136253f11be53dd8b79b93aa5","_":"1596615245488"}}
[2020-08-05T16:14:05.515] [INFO] cheese - 响应时间为:0.003s
[2020-08-05T16:17:21.526] [INFO] cheese - 请求参数:POST /mock-api/v1/user/info  ,接受到的参数:===>{"username":"admin","meta":{"signature":"ccc0cd02cee2a89cbda1c8a16ebf9132","_":"1596615441496"}}
[2020-08-05T16:17:21.528] [INFO] cheese - 响应时间为:0.002s
[2020-08-05T16:18:44.928] [INFO] cheese - 请求参数:POST /mock-api/v1/user/info  ,接受到的参数:===>{"username":"admin","meta":{"signature":"937885d755a3153a21d8544b588c0279","_":"1596615524894"}}
[2020-08-05T16:18:44.931] [INFO] cheese - 响应时间为:0.004s
[2020-08-05T16:21:12.290] [INFO] cheese - 请求参数:POST /mock-api/v1/user/info  ,接受到的参数:===>{"username":"admin","meta":{"signature":"60f6e4ee5af4569bc1477a9fd2df37d0","_":"1596615672261"}}
[2020-08-05T16:21:12.292] [INFO] cheese - 响应时间为:0.003s
[2020-08-05T16:22:41.975] [INFO] cheese - 请求参数:POST /mock-api/v1/user/info  ,接受到的参数:===>{"username":"admin","meta":{"signature":"a3aa78d760d60f15a94118b9c5364151","_":"1596615761945"}}
[2020-08-05T16:22:41.977] [INFO] cheese - 响应时间为:0.003s
[2020-08-05T16:26:19.697] [INFO] cheese - 请求参数:POST /mock-api/v1/user/info  ,接受到的参数:===>{"username":"admin","meta":{"signature":"b5d148672ae7d12080ec2a66aafe3c26","_":"1596615979681"}}
[2020-08-05T16:26:19.698] [INFO] cheese - 响应时间为:0.001s
[2020-08-05T16:28:12.183] [INFO] cheese - 请求参数:POST /mock-api/v1/user/login  ,接受到的参数:===>{"username":"admin","password":"123456"}
[2020-08-05T16:28:12.183] [INFO] cheese - 响应时间为:0.001s
[2020-08-05T16:28:12.389] [INFO] cheese - 请求参数:POST /mock-api/v1/user/info  ,接受到的参数:===>{"username":"admin","meta":{"signature":"465d26ca90697b905cc02057b96bcc38","_":"1596616092380"}}
[2020-08-05T16:28:12.389] [INFO] cheese - 响应时间为:0s
[2020-08-05T16:31:04.693] [INFO] cheese - 请求参数:POST /mock-api/v1/user/info  ,接受到的参数:===>{"username":"admin","meta":{"signature":"075fe54675ef108d58f3ac4ac21d64f4","_":"1596616264677"}}
[2020-08-05T16:31:04.693] [INFO] cheese - 响应时间为:0s
[2020-08-05T16:31:12.406] [INFO] cheese - 请求参数:POST /mock-api/v1/user/info  ,接受到的参数:===>{"username":"admin","meta":{"signature":"2d415fcb24618bed31fcf0b606c90269","_":"1596616272396"}}
[2020-08-05T16:31:12.406] [INFO] cheese - 响应时间为:0s
[2020-08-05T16:31:23.390] [INFO] cheese - 请求参数:POST /mock-api/v1/user/info  ,接受到的参数:===>{"username":"admin","meta":{"signature":"354721090852fe87b78bc554bde8b34e","_":"1596616283382"}}
[2020-08-05T16:31:23.390] [INFO] cheese - 响应时间为:0s
[2020-08-05T16:31:28.295] [INFO] cheese - 请求参数:POST /mock-api/v1/user/info  ,接受到的参数:===>{"username":"admin","meta":{"signature":"d2f6977278cf442e7a2d4b565241e096","_":"1596616288286"}}
[2020-08-05T16:31:28.296] [INFO] cheese - 响应时间为:0.001s
[2020-08-05T16:31:45.132] [INFO] cheese - 请求参数:POST /mock-api/v1/user/info  ,接受到的参数:===>{"username":"admin","meta":{"signature":"256972cfda9b74aea6213f3fd915e599","_":"1596616305124"}}
[2020-08-05T16:31:45.132] [INFO] cheese - 响应时间为:0s
[2020-08-05T16:31:51.674] [INFO] cheese - 请求参数:POST /mock-api/v1/user/info  ,接受到的参数:===>{"username":"admin","meta":{"signature":"b034a44fbc0e17dc6ffcaef8ec9eecec","_":"1596616311666"}}
[2020-08-05T16:31:51.674] [INFO] cheese - 响应时间为:0s
[2020-08-05T16:32:24.205] [INFO] cheese - 请求参数:POST /mock-api/v1/user/info  ,接受到的参数:===>{"username":"admin","meta":{"signature":"ce1149f212785474760b392e5b873bf3","_":"1596616344196"}}
[2020-08-05T16:32:24.207] [INFO] cheese - 响应时间为:0.002s
[2020-08-05T16:32:29.217] [INFO] cheese - 请求参数:POST /mock-api/v1/user/info  ,接受到的参数:===>{"username":"admin","meta":{"signature":"4ea2944259c48f2f75dd39416e49f3c2","_":"1596616349206"}}
[2020-08-05T16:32:29.217] [INFO] cheese - 响应时间为:0s
[2020-08-05T16:32:42.371] [INFO] cheese - 请求参数:POST /mock-api/v1/user/info  ,接受到的参数:===>{"username":"admin","meta":{"signature":"effea6e7e789a38fac86e98c3f83c495","_":"1596616362364"}}
[2020-08-05T16:32:42.371] [INFO] cheese - 响应时间为:0s
[2020-08-05T16:37:12.923] [INFO] cheese - 请求参数:POST /mock-api/v1/user/info  ,接受到的参数:===>{"username":"admin","meta":{"signature":"87df5c12cdf1cf4b38bc293f6c25afb1","_":"1596616632897"}}
[2020-08-05T16:37:12.925] [INFO] cheese - 响应时间为:0.002s
[2020-08-05T16:37:32.412] [INFO] cheese - 请求参数:POST /mock-api/v1/user/info  ,接受到的参数:===>{"username":"admin","meta":{"signature":"6f844329e61f4b6bde6b1a364b1b79a0","_":"1596616652404"}}
[2020-08-05T16:37:32.412] [INFO] cheese - 响应时间为:0s
[2020-08-05T16:40:05.768] [INFO] cheese - 请求参数:POST /mock-api/v1/user/info  ,接受到的参数:===>{"username":"admin","meta":{"signature":"4998978bf52181e3cd4f4b9928e7d35c","_":"1596616805761"}}
[2020-08-05T16:40:05.768] [INFO] cheese - 响应时间为:0s
[2020-08-05T16:40:16.214] [INFO] cheese - 请求参数:POST /mock-api/v1/user/info  ,接受到的参数:===>{"username":"admin","meta":{"signature":"f1bde300b814e54845ac3137d0b17386","_":"1596616816207"}}
[2020-08-05T16:40:16.214] [INFO] cheese - 响应时间为:0s
[2020-08-05T16:40:20.436] [INFO] cheese - 请求参数:POST /mock-api/v1/user/info  ,接受到的参数:===>{"username":"admin","meta":{"signature":"66f4e001fecd329cedf605d1cf70a064","_":"1596616820428"}}
[2020-08-05T16:40:20.437] [INFO] cheese - 响应时间为:0.001s
[2020-08-05T16:40:44.886] [INFO] cheese - 请求参数:POST /mock-api/v1/user/info  ,接受到的参数:===>{"username":"admin","meta":{"signature":"2b92c915249c17fdf1a852ecedf1af6d","_":"1596616844879"}}
[2020-08-05T16:40:44.886] [INFO] cheese - 响应时间为:0s
[2020-08-05T16:41:13.711] [INFO] cheese - 请求参数:POST /mock-api/v1/user/info  ,接受到的参数:===>{"username":"admin","meta":{"signature":"c2901d1ffe12ab5409daf40870263c44","_":"1596616873702"}}
[2020-08-05T16:41:13.712] [INFO] cheese - 响应时间为:0.001s
[2020-08-05T16:42:30.456] [INFO] cheese - 请求参数:POST /mock-api/v1/user/login  ,接受到的参数:===>{"username":"admin","password":"123456","meta":{"signature":"137564c247eb254baeac118fcc6b4823","_":"1596616950444"}}
[2020-08-05T16:42:30.456] [INFO] cheese - 响应时间为:0s
[2020-08-05T16:43:14.829] [INFO] cheese - 请求参数:POST /mock-api/v1/user/info  ,接受到的参数:===>{"username":"admin","meta":{"signature":"8dac905d48569b2ffa6c864cc2cf2efe","_":"1596616994748"}}
[2020-08-05T16:43:14.829] [INFO] cheese - 响应时间为:0.001s
[2020-08-05T16:43:22.518] [INFO] cheese - 请求参数:POST /mock-api/v1/user/info  ,接受到的参数:===>{"username":"admin","meta":{"signature":"6f10b40458d25354029b8324afb1a6bb","_":"1596617002356"}}
[2020-08-05T16:43:22.518] [INFO] cheese - 响应时间为:0s
[2020-08-05T16:43:56.654] [INFO] cheese - 请求参数:POST /mock-api/v1/user/info  ,接受到的参数:===>{"username":"admin","meta":{"signature":"84e96b0aa45b977e8e4187d34a50cde5","_":"1596617036494"}}
[2020-08-05T16:43:56.654] [INFO] cheese - 响应时间为:0s
[2020-08-05T16:54:02.306] [INFO] cheese - 请求参数:POST /mock-api/v1/user/info  ,接受到的参数:===>{"username":"admin","meta":{"signature":"6c61dbd83a879fc0b92a28864506b72b","_":"1596617642195"}}
[2020-08-05T16:54:02.307] [INFO] cheese - 响应时间为:0.001s
[2020-08-05T16:55:01.839] [INFO] cheese - 请求参数:POST /mock-api/v1/user/info  ,接受到的参数:===>{"username":"admin","meta":{"signature":"0e59df211a43c206a8eba5d213e2069e","_":"1596617701743"}}
[2020-08-05T16:55:01.839] [INFO] cheese - 响应时间为:0s
[2020-08-05T16:55:13.072] [INFO] cheese - 请求参数:POST /mock-api/v1/user/info  ,接受到的参数:===>{"username":"admin","meta":{"signature":"4526f005f716e5fc1a46cf66c8e4633b","_":"1596617712929"}}
[2020-08-05T16:55:13.072] [INFO] cheese - 响应时间为:0s
[2020-08-05T16:55:33.726] [INFO] cheese - 请求参数:POST /mock-api/v1/user/info  ,接受到的参数:===>{"username":"admin","meta":{"signature":"42424f1685b7840a094e32eec349500f","_":"1596617733578"}}
[2020-08-05T16:55:33.730] [INFO] cheese - 响应时间为:0.004s
[2020-08-05T16:55:44.542] [INFO] cheese - 请求参数:POST /mock-api/v1/user/info  ,接受到的参数:===>{"username":"admin","meta":{"signature":"3341aecefcdfe42f8368daea91968e19","_":"1596617744445"}}
[2020-08-05T16:55:44.542] [INFO] cheese - 响应时间为:0s
[2020-08-05T16:56:20.522] [INFO] cheese - 请求参数:POST /mock-api/v1/user/login  ,接受到的参数:===>{"username":"admin","password":"123456"}
[2020-08-05T16:56:20.522] [INFO] cheese - 响应时间为:0s
[2020-08-05T16:56:20.733] [INFO] cheese - 请求参数:POST /mock-api/v1/user/info  ,接受到的参数:===>{"username":"admin","meta":{"signature":"9fec7945f7aadfb14a29ea0880b23113","_":"1596617780719"}}
[2020-08-05T16:56:20.734] [INFO] cheese - 响应时间为:0.001s
[2020-08-05T16:57:14.953] [INFO] cheese - 请求参数:POST /mock-api/v1/user/info  ,接受到的参数:===>{"username":"admin","meta":{"signature":"fc7ee6423119853bd38315a03d63d344","_":"1596617834799"}}
[2020-08-05T16:57:14.953] [INFO] cheese - 响应时间为:0s
[2020-08-05T16:57:36.635] [INFO] cheese - 请求参数:POST /mock-api/v1/user/info  ,接受到的参数:===>{"username":"admin","meta":{"signature":"03d4806227e8de5fac5c073e911af208","_":"1596617856466"}}
[2020-08-05T16:57:36.635] [INFO] cheese - 响应时间为:0s
[2020-08-05T16:58:32.688] [INFO] cheese - 请求参数:POST /mock-api/v1/user/info  ,接受到的参数:===>{"username":"admin","meta":{"signature":"6809feabad7a168089e9de812f0157c2","_":"1596617912532"}}
[2020-08-05T16:58:32.689] [INFO] cheese - 响应时间为:0.001s
[2020-08-05T16:59:10.100] [INFO] cheese - 请求参数:POST /mock-api/v1/user/info  ,接受到的参数:===>{"username":"admin","meta":{"signature":"c0a8c0d0d64e073f1b28c350b7300567","_":"1596617950023"}}
[2020-08-05T16:59:10.100] [INFO] cheese - 响应时间为:0s
[2020-08-05T16:59:58.611] [INFO] cheese - 请求参数:POST /mock-api/v1/user/info  ,接受到的参数:===>{"username":"admin","meta":{"signature":"bc303d2e68dba9ba0ffc49e3253d94ab","_":"1596617998431"}}
[2020-08-05T16:59:58.611] [INFO] cheese - 响应时间为:0s
[2020-08-05T17:00:24.438] [INFO] cheese - 请求参数:POST /mock-api/v1/user/info  ,接受到的参数:===>{"username":"admin","meta":{"signature":"43965f5f8e05decfca50dfc906dd43af","_":"1596618024337"}}
[2020-08-05T17:00:24.438] [INFO] cheese - 响应时间为:0s
[2020-08-05T17:03:29.285] [INFO] cheese - 请求参数:POST /mock-api/v1/user/info  ,接受到的参数:===>{"username":"admin","meta":{"signature":"e1df940b086e08a33a9b57dc814946fb","_":"1596618209120"}}
[2020-08-05T17:03:29.286] [INFO] cheese - 响应时间为:0.001s
[2020-08-05T17:06:09.113] [INFO] cheese - 请求参数:POST /mock-api/v1/user/info  ,接受到的参数:===>{"username":"admin","meta":{"signature":"5a3bbbfea0054f2edbb3946b3f1b4cf0","_":"1596618368928"}}
[2020-08-05T17:06:09.113] [INFO] cheese - 响应时间为:0s
[2020-08-05T17:17:33.004] [INFO] cheese - 请求参数:POST /mock-api/v1/user/login  ,接受到的参数:===>{"username":"admin","password":"123456","meta":{"signature":"262a1b147a0302d436957aac196ec328","_":"1596619052981"}}
[2020-08-05T17:17:33.005] [INFO] cheese - 响应时间为:0.001s
[2020-08-05T17:20:40.332] [INFO] cheese - 请求参数:POST /mock-api/v1/user/info  ,接受到的参数:===>{"username":"admin","meta":{"signature":"097775bc2ab2ac1196564b8df524e777","_":"1596619240321"}}
[2020-08-05T17:20:40.332] [INFO] cheese - 响应时间为:0s
[2020-08-05T17:29:00.591] [INFO] cheese - 请求参数:POST /mock-api/v1/user/login  ,接受到的参数:===>{"username":"admin","password":"123456","meta":{"signature":"e0937f7b4620bbc7e82d606ee5370ac4","_":"1596619740567"}}
[2020-08-05T17:29:00.592] [INFO] cheese - 响应时间为:0.001s
[2020-08-05T17:29:44.425] [INFO] cheese - 请求参数:POST /mock-api/v1/user/info  ,接受到的参数:===>{"username":"admin","meta":{"signature":"2cf385131c259b01e68dd2bd1a0527b3","_":"1596619784367"}}
[2020-08-05T17:29:44.426] [INFO] cheese - 响应时间为:0.001s
[2020-08-05T17:30:45.917] [INFO] cheese - 请求参数:POST /mock-api/v1/user/info  ,接受到的参数:===>{"username":"admin","meta":{"signature":"0e41872a3947b9b0414df72f87eb0973","_":"1596619845907"}}
[2020-08-05T17:30:45.918] [INFO] cheese - 响应时间为:0s
[2020-08-05T17:36:07.966] [INFO] cheese - 请求参数:POST /mock-api/v1/user/login  ,接受到的参数:===>{"username":"admin","password":"123456","meta":{"signature":"dff33a8f1fb8a912f273957188c61a88","_":"1596620167944"}}
[2020-08-05T17:36:07.967] [INFO] cheese - 响应时间为:0.001s
[2020-08-05T17:36:42.483] [INFO] cheese - 请求参数:POST /mock-api/v1/user/info  ,接受到的参数:===>{"username":"admin","meta":{"signature":"fa20f74321576e1fffd5d406c7d86fb2","_":"1596620202462"}}
[2020-08-05T17:36:42.484] [INFO] cheese - 响应时间为:0.001s
[2020-08-05T17:38:01.768] [INFO] cheese - 请求参数:POST /mock-api/v1/user/info  ,接受到的参数:===>{"username":"admin","meta":{"signature":"46f593c505d297ea670333eb57fd6db7","_":"1596620281761"}}
[2020-08-05T17:38:01.768] [INFO] cheese - 响应时间为:0s
[2020-08-05T17:45:50.149] [INFO] cheese - 请求参数:POST /mock-api/v1/user/login  ,接受到的参数:===>{"username":"admin","password":"123456","meta":{"signature":"0c2756539cd470eb8cd94d2df789d571","_":"1596620750125"}}
[2020-08-05T17:45:50.150] [INFO] cheese - 响应时间为:0.001s
