[2020-07-31T10:39:46.015] [INFO] cheese - 请求参数:POST /mock-api/v1/user/login  ,接受到的参数:===>{"username":"admin"}
[2020-07-31T10:39:46.017] [INFO] cheese - 响应时间为:0.002s
[2020-07-31T10:39:46.226] [INFO] cheese - 请求参数:POST /mock-api/v1/user/info  ,接受到的参数:===>{"username":"admin"}
[2020-07-31T10:39:46.226] [INFO] cheese - 响应时间为:0s
[2020-07-31T10:41:14.533] [INFO] cheese - 请求参数:POST /mock-api/v1/user/info  ,接受到的参数:===>{"username":"admin"}
[2020-07-31T10:41:14.534] [INFO] cheese - 响应时间为:0.001s
[2020-07-31T10:42:05.122] [INFO] cheese - 请求参数:POST /mock-api/v1/user/info  ,接受到的参数:===>{"username":"admin"}
[2020-07-31T10:42:05.122] [INFO] cheese - 响应时间为:0s
[2020-07-31T10:43:21.003] [INFO] cheese - 请求参数:POST /mock-api/v1/user/info  ,接受到的参数:===>{"username":"admin"}
[2020-07-31T10:43:21.003] [INFO] cheese - 响应时间为:0s
[2020-07-31T10:48:02.851] [INFO] cheese - 请求参数:POST /mock-api/v1/user/info  ,接受到的参数:===>{"username":"admin"}
[2020-07-31T10:48:02.852] [INFO] cheese - 响应时间为:0.001s
[2020-07-31T10:48:15.972] [INFO] cheese - 请求参数:POST /mock-api/v1/user/info  ,接受到的参数:===>{"username":"admin"}
[2020-07-31T10:48:15.972] [INFO] cheese - 响应时间为:0s
[2020-07-31T10:48:36.541] [INFO] cheese - 请求参数:POST /mock-api/v1/user/info  ,接受到的参数:===>{"username":"admin"}
[2020-07-31T10:48:36.541] [INFO] cheese - 响应时间为:0s
[2020-07-31T10:49:00.478] [INFO] cheese - 请求参数:POST /mock-api/v1/user/info  ,接受到的参数:===>{"username":"admin"}
[2020-07-31T10:49:00.478] [INFO] cheese - 响应时间为:0s
[2020-07-31T10:49:06.125] [INFO] cheese - 请求参数:POST /mock-api/v1/user/info  ,接受到的参数:===>{"username":"admin"}
[2020-07-31T10:49:06.125] [INFO] cheese - 响应时间为:0s
[2020-07-31T10:49:09.505] [INFO] cheese - 请求参数:POST /mock-api/v1/user/info  ,接受到的参数:===>{"username":"admin"}
[2020-07-31T10:49:09.505] [INFO] cheese - 响应时间为:0s
[2020-07-31T10:49:52.702] [INFO] cheese - 请求参数:POST /mock-api/v1/user/info  ,接受到的参数:===>{"username":"admin"}
[2020-07-31T10:49:52.702] [INFO] cheese - 响应时间为:0s
[2020-07-31T10:52:55.731] [INFO] cheese - 请求参数:POST /mock-api/v1/user/info  ,接受到的参数:===>{"username":"admin"}
[2020-07-31T10:52:55.731] [INFO] cheese - 响应时间为:0s
[2020-07-31T10:53:09.562] [INFO] cheese - 请求参数:POST /mock-api/v1/user/info  ,接受到的参数:===>{"username":"admin"}
[2020-07-31T10:53:09.562] [INFO] cheese - 响应时间为:0s
[2020-07-31T10:56:33.880] [INFO] cheese - 请求参数:POST /mock-api/v1/user/login  ,接受到的参数:===>{"username":"admin"}
[2020-07-31T10:56:33.880] [INFO] cheese - 响应时间为:0s
[2020-07-31T10:56:34.086] [INFO] cheese - 请求参数:POST /mock-api/v1/user/info  ,接受到的参数:===>{"username":"admin"}
[2020-07-31T10:56:34.087] [INFO] cheese - 响应时间为:0.001s
[2020-07-31T10:56:41.203] [INFO] cheese - 响应时间为:0.001s
[2020-07-31T10:56:44.111] [INFO] cheese - 请求参数:POST /mock-api/v1/user/login  ,接受到的参数:===>{"username":"admin"}
[2020-07-31T10:56:44.111] [INFO] cheese - 响应时间为:0s
[2020-07-31T10:56:44.321] [INFO] cheese - 请求参数:POST /mock-api/v1/user/info  ,接受到的参数:===>{"username":"admin"}
[2020-07-31T10:56:44.321] [INFO] cheese - 响应时间为:0s
[2020-07-31T10:57:13.294] [INFO] cheese - 响应时间为:0s
[2020-07-31T11:02:22.547] [INFO] cheese - 请求参数:POST /mock-api/v1/user/login  ,接受到的参数:===>{"username":"admin"}
[2020-07-31T11:02:22.550] [INFO] cheese - 响应时间为:0.004s
[2020-07-31T11:08:35.404] [INFO] cheese - 请求参数:POST /mock-api/v1/user/login  ,接受到的参数:===>{"username":"admin"}
[2020-07-31T11:08:35.407] [INFO] cheese - 响应时间为:0.004s
[2020-07-31T11:08:35.617] [INFO] cheese - 请求参数:POST /mock-api/v1/user/info  ,接受到的参数:===>{"username":"admin","meta":{"signature":"5680cfc8660bbcfd2cfed05f4ab73d0a","_":1596164915606}}
[2020-07-31T11:08:35.617] [INFO] cheese - 响应时间为:0s
[2020-07-31T11:12:21.655] [INFO] cheese - 请求参数:POST /mock-api/v1/user/info  ,接受到的参数:===>{"username":"admin","meta":{"signature":"35b4b92492e4c5d3ce24865882357d88","_":1596165141552}}
[2020-07-31T11:12:21.657] [INFO] cheese - 响应时间为:0.003s
[2020-07-31T11:14:28.168] [INFO] cheese - 请求参数:POST /mock-api/v1/user/info  ,接受到的参数:===>{"username":"admin","meta":{"signature":"1d39e073c1ede13b10f3df5bc0dde871","_":1596165268152}}
[2020-07-31T11:14:28.168] [INFO] cheese - 响应时间为:0s
[2020-07-31T11:18:53.695] [INFO] cheese - 请求参数:POST /mock-api/v1/user/info  ,接受到的参数:===>{"username":"admin","meta":{"signature":"a47fa051912fbe5a91fb41e0b16ac8bd","_":1596165533557}}
[2020-07-31T11:18:53.696] [INFO] cheese - 响应时间为:0.001s
[2020-07-31T11:19:03.875] [INFO] cheese - 请求参数:POST /mock-api/v1/user/login  ,接受到的参数:===>{"username":"admin"}
[2020-07-31T11:19:03.876] [INFO] cheese - 响应时间为:0.001s
[2020-07-31T11:20:55.081] [INFO] cheese - 请求参数:POST /mock-api/v1/user/login  ,接受到的参数:===>{"username":"admin"}
[2020-07-31T11:20:55.082] [INFO] cheese - 响应时间为:0.001s
[2020-07-31T11:21:13.786] [INFO] cheese - 请求参数:POST /mock-api/v1/user/login  ,接受到的参数:===>{"username":"admin"}
[2020-07-31T11:21:13.787] [INFO] cheese - 响应时间为:0.001s
[2020-07-31T11:45:39.340] [INFO] cheese - 请求参数:POST /mock-api/v1/user/login  ,接受到的参数:===>{"username":"admin"}
[2020-07-31T11:45:39.341] [INFO] cheese - 响应时间为:0.001s
[2020-07-31T11:45:51.061] [INFO] cheese - 请求参数:POST /mock-api/v1/user/login  ,接受到的参数:===>{"username":"admin"}
[2020-07-31T11:45:51.061] [INFO] cheese - 响应时间为:0s
[2020-07-31T11:46:03.908] [INFO] cheese - 请求参数:POST /mock-api/v1/user/login  ,接受到的参数:===>{"username":"admin"}
[2020-07-31T11:46:03.908] [INFO] cheese - 响应时间为:0s
[2020-07-31T11:46:43.561] [INFO] cheese - 请求参数:POST /mock-api/v1/user/login  ,接受到的参数:===>{"username":"admin"}
[2020-07-31T11:46:43.561] [INFO] cheese - 响应时间为:0s
[2020-07-31T11:48:19.287] [INFO] cheese - 请求参数:POST /mock-api/v1/user/login  ,接受到的参数:===>{"username":"admin"}
[2020-07-31T11:48:19.287] [INFO] cheese - 响应时间为:0s
[2020-07-31T11:48:41.131] [INFO] cheese - 请求参数:POST /mock-api/v1/user/login  ,接受到的参数:===>{"username":"admin"}
[2020-07-31T11:48:41.131] [INFO] cheese - 响应时间为:0.001s
[2020-07-31T11:49:39.419] [INFO] cheese - 请求参数:POST /mock-api/v1/user/login  ,接受到的参数:===>{"username":"admin"}
[2020-07-31T11:49:39.419] [INFO] cheese - 响应时间为:0s
[2020-07-31T11:52:55.322] [INFO] cheese - 请求参数:POST /mock-api/v1/user/login  ,接受到的参数:===>{"username":"admin","password":"123456"}
[2020-07-31T11:52:55.322] [INFO] cheese - 响应时间为:0s
[2020-07-31T11:55:10.170] [INFO] cheese - 请求参数:POST /mock-api/v1/user/login  ,接受到的参数:===>{"username":"admin","password":"123456"}
[2020-07-31T11:55:10.170] [INFO] cheese - 响应时间为:0s
[2020-07-31T11:55:10.378] [ERROR] cheese - 发生错误:POST-> /mock-api/v1/user/info-> 200: TypeError: Cannot destructure property 'roles' of 'cur' as it is undefined.
    at getUserInfo (/Users/hejian/fe-hejian/quasar-typescript-admin-template/mock/app/models/user.js:74:9)
    at _getUserInfo (/Users/hejian/fe-hejian/quasar-typescript-admin-template/mock/app/control/user.js:12:65)
    at dispatch (/Users/hejian/fe-hejian/quasar-typescript-admin-template/mock/node_modules/koa-compose/index.js:42:32)
    at /Users/hejian/fe-hejian/quasar-typescript-admin-template/mock/node_modules/koa-router/lib/router.js:368:16
    at dispatch (/Users/hejian/fe-hejian/quasar-typescript-admin-template/mock/node_modules/koa-compose/index.js:42:32)
    at /Users/hejian/fe-hejian/quasar-typescript-admin-template/mock/node_modules/koa-compose/index.js:34:12
    at dispatch (/Users/hejian/fe-hejian/quasar-typescript-admin-template/mock/node_modules/koa-router/lib/router.js:373:31)
    at dispatch (/Users/hejian/fe-hejian/quasar-typescript-admin-template/mock/node_modules/koa-compose/index.js:42:32)
    at allowedMethods (/Users/hejian/fe-hejian/quasar-typescript-admin-template/mock/node_modules/koa-router/lib/router.js:429:12)
    at dispatch (/Users/hejian/fe-hejian/quasar-typescript-admin-template/mock/node_modules/koa-compose/index.js:42:32)
[2020-07-31T11:55:10.379] [INFO] cheese - 响应时间为:0.002s
[2020-07-31T11:56:38.071] [INFO] cheese - 请求参数:POST /mock-api/v1/user/login  ,接受到的参数:===>{"username":"admin","password":"123456"}
[2020-07-31T11:56:38.072] [INFO] cheese - 响应时间为:0.001s
[2020-07-31T11:56:38.277] [INFO] cheese - 请求参数:POST /mock-api/v1/user/info  ,接受到的参数:===>{"username":"admin","meta":{"signature":"9455831b1623574701baa829a6e68004","_":"1596167798267"}}
[2020-07-31T11:56:38.278] [INFO] cheese - 响应时间为:0.001s
[2020-07-31T11:57:24.127] [INFO] cheese - 请求参数:POST /mock-api/v1/user/login  ,接受到的参数:===>{"username":"admin","password":"123456"}
[2020-07-31T11:57:24.128] [INFO] cheese - 响应时间为:0.001s
[2020-07-31T11:57:24.342] [INFO] cheese - 请求参数:POST /mock-api/v1/user/info  ,接受到的参数:===>{"username":"admin","meta":{"signature":"204236561f8771dcab93ece3b1df38de","_":"1596167844329"}}
[2020-07-31T11:57:24.346] [INFO] cheese - 响应时间为:0.004s
[2020-07-31T11:57:38.118] [INFO] cheese - 请求参数:POST /mock-api/v1/user/logout  ,接受到的参数:===>{"meta":{"signature":"08ec1ac9f640d48150a6e4f4cf1ed027","_":"1596167858105"}}
[2020-07-31T11:57:38.119] [INFO] cheese - 响应时间为:0.001s
[2020-07-31T11:57:45.698] [INFO] cheese - 请求参数:POST /mock-api/v1/user/login  ,接受到的参数:===>{"username":"visitor","password":"123456"}
[2020-07-31T11:57:45.698] [INFO] cheese - 响应时间为:0s
[2020-07-31T11:57:45.906] [INFO] cheese - 请求参数:POST /mock-api/v1/user/info  ,接受到的参数:===>{"username":"visitor","meta":{"signature":"51bc1d3bef1c3d0ae68ca1763be6fdbc","_":"1596167865896"}}
[2020-07-31T11:57:45.906] [INFO] cheese - 响应时间为:0s
[2020-07-31T12:00:57.410] [INFO] cheese - 请求参数:POST /mock-api/v1/user/login  ,接受到的参数:===>{"username":"admin","password":"123456"}
[2020-07-31T12:00:57.412] [INFO] cheese - 响应时间为:0.001s
[2020-07-31T12:00:57.619] [INFO] cheese - 请求参数:POST /mock-api/v1/user/info  ,接受到的参数:===>{"username":"admin","meta":{"signature":"66fa2c673e492b68890958b9e2f5b114","_":"1596168057608"}}
[2020-07-31T12:00:57.619] [INFO] cheese - 响应时间为:0s
[2020-07-31T12:01:02.575] [INFO] cheese - 请求参数:POST /mock-api/v1/user/logout  ,接受到的参数:===>{"meta":{"signature":"8e2f4ddf3e40e63d8f772eda58a88219","_":"1596168062567"}}
[2020-07-31T12:01:02.575] [INFO] cheese - 响应时间为:0s
[2020-07-31T12:01:07.356] [INFO] cheese - 请求参数:POST /mock-api/v1/user/login  ,接受到的参数:===>{"username":"visitor","password":"123456"}
[2020-07-31T12:01:07.356] [INFO] cheese - 响应时间为:0s
[2020-07-31T12:01:07.567] [INFO] cheese - 请求参数:POST /mock-api/v1/user/info  ,接受到的参数:===>{"username":"visitor","meta":{"signature":"a1ac244c608c550f21d49a9bfcc8e92e","_":"1596168067553"}}
[2020-07-31T12:01:07.567] [INFO] cheese - 响应时间为:0s
[2020-07-31T12:02:47.617] [INFO] cheese - 请求参数:POST /mock-api/v1/user/login  ,接受到的参数:===>{"username":"visitor","password":"123456"}
[2020-07-31T12:02:47.617] [INFO] cheese - 响应时间为:0s
[2020-07-31T12:02:47.835] [INFO] cheese - 请求参数:POST /mock-api/v1/user/info  ,接受到的参数:===>{"username":"visitor","meta":{"signature":"d7130043f5a6a8ce24e65e10b454843d","_":"1596168167819"}}
[2020-07-31T12:02:47.835] [INFO] cheese - 响应时间为:0s
[2020-07-31T12:03:42.802] [INFO] cheese - 请求参数:POST /mock-api/v1/user/login  ,接受到的参数:===>{"username":"visitor","password":"123456"}
[2020-07-31T12:03:42.802] [INFO] cheese - 响应时间为:0.001s
[2020-07-31T12:03:43.026] [INFO] cheese - 请求参数:POST /mock-api/v1/user/info  ,接受到的参数:===>{"username":"visitor","meta":{"signature":"2dc0959bc92e25f696c6024fc7bd2c26","_":"1596168223004"}}
[2020-07-31T12:03:43.026] [INFO] cheese - 响应时间为:0s
[2020-07-31T12:04:48.571] [INFO] cheese - 请求参数:POST /mock-api/v1/user/login  ,接受到的参数:===>{"username":"visitor","password":"123456"}
[2020-07-31T12:04:48.571] [INFO] cheese - 响应时间为:0s
[2020-07-31T12:04:48.779] [INFO] cheese - 请求参数:POST /mock-api/v1/user/info  ,接受到的参数:===>{"username":"visitor","meta":{"signature":"79dad03a6e75b14b804a68fb1bdc2c1e","_":"1596168288769"}}
[2020-07-31T12:04:48.780] [INFO] cheese - 响应时间为:0.001s
[2020-07-31T12:07:43.829] [INFO] cheese - 请求参数:POST /mock-api/v1/user/login  ,接受到的参数:===>{"username":"visitor","password":"123456"}
[2020-07-31T12:07:43.829] [INFO] cheese - 响应时间为:0s
[2020-07-31T12:07:44.039] [INFO] cheese - 请求参数:POST /mock-api/v1/user/info  ,接受到的参数:===>{"username":"visitor","meta":{"signature":"3ce07fa53248394debf10b82960cb5e8","_":"1596168464028"}}
[2020-07-31T12:07:44.039] [INFO] cheese - 响应时间为:0s
[2020-07-31T12:09:02.767] [INFO] cheese - 请求参数:POST /mock-api/v1/user/login  ,接受到的参数:===>{"username":"visitor","password":"123456"}
[2020-07-31T12:09:02.767] [INFO] cheese - 响应时间为:0s
[2020-07-31T12:09:02.982] [INFO] cheese - 请求参数:POST /mock-api/v1/user/info  ,接受到的参数:===>{"username":"visitor","meta":{"signature":"990088bcc2b7d7a9a9ee1a9b68de9d37","_":"1596168542973"}}
[2020-07-31T12:09:02.989] [INFO] cheese - 响应时间为:0.006s
[2020-07-31T12:10:31.511] [INFO] cheese - 请求参数:POST /mock-api/v1/user/login  ,接受到的参数:===>{"username":"visitor","password":"123456"}
[2020-07-31T12:10:31.511] [INFO] cheese - 响应时间为:0.001s
[2020-07-31T12:10:31.726] [INFO] cheese - 请求参数:POST /mock-api/v1/user/info  ,接受到的参数:===>{"username":"visitor","meta":{"signature":"7bb193e20d5a752357b3f92fe3baf6cc","_":"1596168631712"}}
[2020-07-31T12:10:31.726] [INFO] cheese - 响应时间为:0.001s
[2020-07-31T14:14:32.365] [INFO] cheese - 请求参数:POST /mock-api/v1/user/login  ,接受到的参数:===>{"username":"visitor","password":"123456"}
[2020-07-31T14:14:32.366] [INFO] cheese - 响应时间为:0.001s
[2020-07-31T14:14:40.054] [INFO] cheese - 请求参数:POST /mock-api/v1/user/login  ,接受到的参数:===>{"username":"admin","password":"123456"}
[2020-07-31T14:14:40.054] [INFO] cheese - 响应时间为:0s
[2020-07-31T14:14:40.265] [INFO] cheese - 请求参数:POST /mock-api/v1/user/info  ,接受到的参数:===>{"username":"admin","meta":{"signature":"4c56aa110268e6de09bc73cbb96a6c2c","_":"1596176080252"}}
[2020-07-31T14:14:40.265] [INFO] cheese - 响应时间为:0s
[2020-07-31T14:14:52.430] [INFO] cheese - 请求参数:POST /mock-api/v1/user/logout  ,接受到的参数:===>{"meta":{"signature":"732153732965dab6336383f5af6eff49","_":"1596176092422"}}
[2020-07-31T14:14:52.430] [INFO] cheese - 响应时间为:0s
[2020-07-31T14:14:58.203] [INFO] cheese - 请求参数:POST /mock-api/v1/user/login  ,接受到的参数:===>{"username":"visitor","password":"123456"}
[2020-07-31T14:14:58.203] [INFO] cheese - 响应时间为:0s
[2020-07-31T14:14:58.413] [INFO] cheese - 请求参数:POST /mock-api/v1/user/info  ,接受到的参数:===>{"username":"visitor","meta":{"signature":"c02f61d7150452767e05afcd7d1e1790","_":"1596176098400"}}
[2020-07-31T14:14:58.413] [INFO] cheese - 响应时间为:0s
[2020-07-31T14:16:20.945] [INFO] cheese - 请求参数:POST /mock-api/v1/user/login  ,接受到的参数:===>{"username":"visitor","password":"123456"}
[2020-07-31T14:16:20.945] [INFO] cheese - 响应时间为:0.001s
[2020-07-31T14:16:21.161] [INFO] cheese - 请求参数:POST /mock-api/v1/user/info  ,接受到的参数:===>{"username":"visitor","meta":{"signature":"01cb29c10ca11b0d2f2ac1f980faf631","_":"1596176181146"}}
[2020-07-31T14:16:21.161] [INFO] cheese - 响应时间为:0s
[2020-07-31T14:18:13.847] [INFO] cheese - 请求参数:POST /mock-api/v1/user/info  ,接受到的参数:===>{"username":"visitor","meta":{"signature":"11d50c1045c0f961de7a9d5210ed0e61","_":"1596176293707"}}
[2020-07-31T14:18:13.847] [INFO] cheese - 响应时间为:0s
[2020-07-31T14:18:34.553] [INFO] cheese - 请求参数:POST /mock-api/v1/user/info  ,接受到的参数:===>{"username":"visitor","meta":{"signature":"556fa28fff92fccd87b3ea4c3c9da30f","_":"1596176314547"}}
[2020-07-31T14:18:34.553] [INFO] cheese - 响应时间为:0s
[2020-07-31T14:18:55.111] [INFO] cheese - 请求参数:POST /mock-api/v1/user/info  ,接受到的参数:===>{"username":"visitor","meta":{"signature":"cc4e0c7ab8f2f5709097504b588e41cb","_":"1596176335104"}}
[2020-07-31T14:18:55.111] [INFO] cheese - 响应时间为:0s
[2020-07-31T14:19:08.599] [INFO] cheese - 请求参数:POST /mock-api/v1/user/info  ,接受到的参数:===>{"username":"visitor","meta":{"signature":"803ffbbc16fdf4c6ac3f8f3e38576a83","_":"1596176348593"}}
[2020-07-31T14:19:08.599] [INFO] cheese - 响应时间为:0s
[2020-07-31T14:19:10.568] [INFO] cheese - 请求参数:POST /mock-api/v1/user/info  ,接受到的参数:===>{"username":"visitor","meta":{"signature":"a5d86d00f46b2e96b360cbc1bf9e69b3","_":"1596176350561"}}
[2020-07-31T14:19:10.568] [INFO] cheese - 响应时间为:0s
[2020-07-31T14:19:24.444] [INFO] cheese - 请求参数:POST /mock-api/v1/user/logout  ,接受到的参数:===>{"meta":{"signature":"1d982f37d80f1aae62ecfb8ae0f68ee8","_":"1596176364433"}}
[2020-07-31T14:19:24.444] [INFO] cheese - 响应时间为:0s
[2020-07-31T14:19:31.842] [INFO] cheese - 请求参数:POST /mock-api/v1/user/login  ,接受到的参数:===>{"username":"visitor","password":"123456"}
[2020-07-31T14:19:31.842] [INFO] cheese - 响应时间为:0s
[2020-07-31T14:19:32.048] [INFO] cheese - 请求参数:POST /mock-api/v1/user/info  ,接受到的参数:===>{"username":"visitor","meta":{"signature":"81fc7fbc8ad857cf680c6ead060cd4a6","_":"1596176372038"}}
[2020-07-31T14:19:32.050] [INFO] cheese - 响应时间为:0.002s
[2020-07-31T14:20:06.316] [INFO] cheese - 请求参数:POST /mock-api/v1/user/info  ,接受到的参数:===>{"username":"visitor","meta":{"signature":"ac7825e6e272a8b2cdca702b64167a3c","_":"1596176406307"}}
[2020-07-31T14:20:06.316] [INFO] cheese - 响应时间为:0s
[2020-07-31T14:20:17.329] [INFO] cheese - 请求参数:POST /mock-api/v1/user/info  ,接受到的参数:===>{"username":"visitor","meta":{"signature":"971d6a8918b59f41f9d1ffaa7a8bf31c","_":"1596176417218"}}
[2020-07-31T14:20:17.329] [INFO] cheese - 响应时间为:0s
[2020-07-31T14:20:19.700] [INFO] cheese - 请求参数:POST /mock-api/v1/user/logout  ,接受到的参数:===>{"meta":{"signature":"a7c7901f7e81afac97418f430b2d952a","_":"1596176419688"}}
[2020-07-31T14:20:19.701] [INFO] cheese - 响应时间为:0.002s
[2020-07-31T14:20:21.801] [INFO] cheese - 请求参数:POST /mock-api/v1/user/login  ,接受到的参数:===>{"username":"admin","password":"123456"}
[2020-07-31T14:20:21.801] [INFO] cheese - 响应时间为:0s
[2020-07-31T14:20:22.011] [INFO] cheese - 请求参数:POST /mock-api/v1/user/info  ,接受到的参数:===>{"username":"admin","meta":{"signature":"5dc258e3d026c19b3494d54205903d54","_":"1596176421999"}}
[2020-07-31T14:20:22.011] [INFO] cheese - 响应时间为:0s
[2020-07-31T14:20:35.274] [INFO] cheese - 请求参数:POST /mock-api/v1/user/info  ,接受到的参数:===>{"username":"admin","meta":{"signature":"801af49af1b6d792d579b2339c499cbe","_":"1596176435200"}}
[2020-07-31T14:20:35.275] [INFO] cheese - 响应时间为:0.001s
[2020-07-31T14:20:43.881] [INFO] cheese - 请求参数:POST /mock-api/v1/user/info  ,接受到的参数:===>{"username":"admin","meta":{"signature":"3687bbca8609964552ba779bb10e679b","_":"1596176443733"}}
[2020-07-31T14:20:43.882] [INFO] cheese - 响应时间为:0.001s
[2020-07-31T14:20:54.782] [INFO] cheese - 请求参数:POST /mock-api/v1/user/logout  ,接受到的参数:===>{"meta":{"signature":"4a758324e4715abaad5c0acab53b0e6f","_":"1596176454773"}}
[2020-07-31T14:20:54.784] [INFO] cheese - 响应时间为:0.002s
[2020-07-31T14:20:59.837] [INFO] cheese - 请求参数:POST /mock-api/v1/user/login  ,接受到的参数:===>{"username":"visitor","password":"123456"}
[2020-07-31T14:20:59.838] [INFO] cheese - 响应时间为:0.001s
[2020-07-31T14:21:00.045] [INFO] cheese - 请求参数:POST /mock-api/v1/user/info  ,接受到的参数:===>{"username":"visitor","meta":{"signature":"d84d1fba4539cd47af7b645dd882a663","_":"1596176460037"}}
[2020-07-31T14:21:00.046] [INFO] cheese - 响应时间为:0.001s
[2020-07-31T14:21:21.443] [INFO] cheese - 请求参数:POST /mock-api/v1/user/info  ,接受到的参数:===>{"username":"visitor","meta":{"signature":"108a9fa9068e51ad7c7037d178942822","_":"1596176481305"}}
[2020-07-31T14:21:21.444] [INFO] cheese - 响应时间为:0.001s
[2020-07-31T14:22:15.022] [INFO] cheese - 请求参数:POST /mock-api/v1/user/info  ,接受到的参数:===>{"username":"visitor","meta":{"signature":"44c0e586a2aae93f0ca92c62a4164d3f","_":"1596176534902"}}
[2020-07-31T14:22:15.022] [INFO] cheese - 响应时间为:0s
[2020-07-31T14:22:31.933] [INFO] cheese - 请求参数:POST /mock-api/v1/user/info  ,接受到的参数:===>{"username":"visitor","meta":{"signature":"96f27dcef6202c8baa81ce7ef5625ca7","_":"1596176551861"}}
[2020-07-31T14:22:31.933] [INFO] cheese - 响应时间为:0s
[2020-07-31T14:23:05.937] [INFO] cheese - 请求参数:POST /mock-api/v1/user/info  ,接受到的参数:===>{"username":"visitor","meta":{"signature":"b8231cca1209245bab06790ad682abba","_":"1596176585838"}}
[2020-07-31T14:23:05.937] [INFO] cheese - 响应时间为:0s
[2020-07-31T14:23:12.587] [INFO] cheese - 请求参数:POST /mock-api/v1/user/info  ,接受到的参数:===>{"username":"visitor","meta":{"signature":"c8c714b5391fc4fd1c391b133edd609a","_":"1596176592463"}}
[2020-07-31T14:23:12.587] [INFO] cheese - 响应时间为:0s
[2020-07-31T14:25:58.424] [INFO] cheese - 请求参数:POST /mock-api/v1/user/info  ,接受到的参数:===>{"username":"visitor","meta":{"signature":"0b0b3cb98b256a212017fa70362433f5","_":"1596176758322"}}
[2020-07-31T14:25:58.424] [INFO] cheese - 响应时间为:0s
[2020-07-31T14:26:04.353] [INFO] cheese - 请求参数:POST /mock-api/v1/user/logout  ,接受到的参数:===>{"meta":{"signature":"1e1baf2b2151b9098b56d0640482dbc8","_":"1596176764345"}}
[2020-07-31T14:26:04.353] [INFO] cheese - 响应时间为:0s
[2020-07-31T14:26:12.995] [INFO] cheese - 请求参数:POST /mock-api/v1/user/login  ,接受到的参数:===>{"username":"visitor","password":"123456"}
[2020-07-31T14:26:12.996] [INFO] cheese - 响应时间为:0.001s
[2020-07-31T14:26:13.207] [INFO] cheese - 请求参数:POST /mock-api/v1/user/info  ,接受到的参数:===>{"username":"visitor","meta":{"signature":"817414a6ea0772320fb092b80c75c880","_":"1596176773197"}}
[2020-07-31T14:26:13.207] [INFO] cheese - 响应时间为:0s
[2020-07-31T14:27:49.022] [INFO] cheese - 请求参数:POST /mock-api/v1/user/info  ,接受到的参数:===>{"username":"visitor","meta":{"signature":"864166f026c4af055bd22030252c2b7d","_":"1596176868830"}}
[2020-07-31T14:27:49.022] [INFO] cheese - 响应时间为:0s
[2020-07-31T14:28:11.493] [INFO] cheese - 请求参数:POST /mock-api/v1/user/info  ,接受到的参数:===>{"username":"visitor","meta":{"signature":"23cb7e147e14a181cca74b5f7bd21dc4","_":"1596176891402"}}
[2020-07-31T14:28:11.493] [INFO] cheese - 响应时间为:0s
[2020-07-31T14:29:33.738] [INFO] cheese - 请求参数:POST /mock-api/v1/user/info  ,接受到的参数:===>{"username":"visitor","meta":{"signature":"9b00c96131fc50f49b9f10e13ae9fb08","_":"1596176973655"}}
[2020-07-31T14:29:33.738] [INFO] cheese - 响应时间为:0s
[2020-07-31T14:33:19.674] [INFO] cheese - 请求参数:POST /mock-api/v1/user/info  ,接受到的参数:===>{"username":"visitor","meta":{"signature":"fb2d3e423fef93b6bdf9ad57a7ae7b07","_":"1596177199577"}}
[2020-07-31T14:33:19.674] [INFO] cheese - 响应时间为:0s
[2020-07-31T14:35:57.484] [INFO] cheese - 请求参数:POST /mock-api/v1/user/info  ,接受到的参数:===>{"username":"visitor","meta":{"signature":"e3c75fbbcf4448865032afda12d057df","_":"1596177357365"}}
[2020-07-31T14:35:57.484] [INFO] cheese - 响应时间为:0s
[2020-07-31T14:37:16.305] [INFO] cheese - 请求参数:POST /mock-api/v1/user/info  ,接受到的参数:===>{"username":"visitor","meta":{"signature":"186127eb3790f8204be6bbb9683d130a","_":"1596177436200"}}
[2020-07-31T14:37:16.305] [INFO] cheese - 响应时间为:0s
[2020-07-31T14:37:37.072] [INFO] cheese - 请求参数:POST /mock-api/v1/user/info  ,接受到的参数:===>{"username":"visitor","meta":{"signature":"d87bd108fb4f115e81667a9d96d352b2","_":"1596177456968"}}
[2020-07-31T14:37:37.075] [INFO] cheese - 响应时间为:0.003s
[2020-07-31T14:38:08.379] [INFO] cheese - 请求参数:POST /mock-api/v1/user/info  ,接受到的参数:===>{"username":"visitor","meta":{"signature":"e0a1668a8237fa7c1762b35c6f68c4ea","_":"1596177488287"}}
[2020-07-31T14:38:08.379] [INFO] cheese - 响应时间为:0s
[2020-07-31T14:39:30.505] [INFO] cheese - 请求参数:POST /mock-api/v1/user/info  ,接受到的参数:===>{"username":"visitor","meta":{"signature":"5a3bdeabcecc5aef35b207b53b45e27a","_":"1596177570369"}}
[2020-07-31T14:39:30.505] [INFO] cheese - 响应时间为:0s
[2020-07-31T14:46:48.316] [INFO] cheese - 请求参数:POST /mock-api/v1/user/login  ,接受到的参数:===>{"username":"admin","password":"123456"}
[2020-07-31T14:46:48.317] [INFO] cheese - 响应时间为:0.001s
[2020-07-31T14:46:48.527] [INFO] cheese - 请求参数:POST /mock-api/v1/user/info  ,接受到的参数:===>{"username":"admin","meta":{"signature":"7f13e0df9501554a215562d52e41946b","_":"1596178008516"}}
[2020-07-31T14:46:48.528] [INFO] cheese - 响应时间为:0.001s
[2020-07-31T14:47:24.028] [INFO] cheese - 请求参数:POST /mock-api/v1/user/info  ,接受到的参数:===>{"username":"admin","meta":{"signature":"feb5a15180482575cff131c847d6e8fe","_":"1596178043929"}}
[2020-07-31T14:47:24.029] [INFO] cheese - 响应时间为:0.001s
[2020-07-31T14:47:39.793] [INFO] cheese - 请求参数:POST /mock-api/v1/user/info  ,接受到的参数:===>{"username":"admin","meta":{"signature":"3e90ba86d7fac2510d7cdb3ac0b94d78","_":"1596178059706"}}
[2020-07-31T14:47:39.793] [INFO] cheese - 响应时间为:0s
[2020-07-31T14:47:45.811] [INFO] cheese - 请求参数:POST /mock-api/v1/user/logout  ,接受到的参数:===>{"meta":{"signature":"b103807aafa2f0bb00ea10fabe939e40","_":"1596178065797"}}
[2020-07-31T14:47:45.811] [INFO] cheese - 响应时间为:0s
[2020-07-31T14:47:48.071] [INFO] cheese - 请求参数:POST /mock-api/v1/user/login  ,接受到的参数:===>{"username":"admin","password":"123456"}
[2020-07-31T14:47:48.072] [INFO] cheese - 响应时间为:0.001s
[2020-07-31T14:47:48.287] [INFO] cheese - 请求参数:POST /mock-api/v1/user/info  ,接受到的参数:===>{"username":"admin","meta":{"signature":"440c1d341f426a808d1cd7b5cd4cbbe7","_":"1596178068271"}}
[2020-07-31T14:47:48.287] [INFO] cheese - 响应时间为:0s
[2020-07-31T14:48:03.730] [INFO] cheese - 请求参数:POST /mock-api/v1/user/info  ,接受到的参数:===>{"username":"admin","meta":{"signature":"32516a957749101547bc62f98615ae59","_":"1596178083591"}}
[2020-07-31T14:48:03.730] [INFO] cheese - 响应时间为:0s
[2020-07-31T14:48:58.625] [INFO] cheese - 请求参数:POST /mock-api/v1/user/info  ,接受到的参数:===>{"username":"admin","meta":{"signature":"b75274c829c0e532e9696124ba27a20b","_":"1596178138534"}}
[2020-07-31T14:48:58.625] [INFO] cheese - 响应时间为:0s
[2020-07-31T14:49:21.987] [INFO] cheese - 请求参数:POST /mock-api/v1/user/info  ,接受到的参数:===>{"username":"admin","meta":{"signature":"ce146dd9dd243b74de64f42b6dd2d9e7","_":"1596178161912"}}
[2020-07-31T14:49:21.987] [INFO] cheese - 响应时间为:0s
[2020-07-31T14:50:18.074] [INFO] cheese - 请求参数:POST /mock-api/v1/user/info  ,接受到的参数:===>{"username":"admin","meta":{"signature":"10ccb56fa7e6cc97bd4c7b9607537eed","_":"1596178217958"}}
[2020-07-31T14:50:18.074] [INFO] cheese - 响应时间为:0s
[2020-07-31T14:50:25.991] [INFO] cheese - 请求参数:POST /mock-api/v1/user/info  ,接受到的参数:===>{"username":"admin","meta":{"signature":"229269a4c05a5c6aa96c119dc95d37b1","_":"1596178225843"}}
[2020-07-31T14:50:25.991] [INFO] cheese - 响应时间为:0s
[2020-07-31T14:51:25.441] [INFO] cheese - 请求参数:POST /mock-api/v1/user/info  ,接受到的参数:===>{"username":"admin","meta":{"signature":"52e183cf276fb924573e5e8aab346430","_":"1596178285298"}}
[2020-07-31T14:51:25.441] [INFO] cheese - 响应时间为:0s
[2020-07-31T14:51:46.031] [INFO] cheese - 请求参数:POST /mock-api/v1/user/info  ,接受到的参数:===>{"username":"admin","meta":{"signature":"7f78951abfbd3fdb72cd530c21b6121f","_":"1596178305959"}}
[2020-07-31T14:51:46.031] [INFO] cheese - 响应时间为:0s
[2020-07-31T14:51:51.271] [INFO] cheese - 请求参数:POST /mock-api/v1/user/info  ,接受到的参数:===>{"username":"admin","meta":{"signature":"0a784a76999d3ec74c9396a9fa02f08c","_":"1596178311178"}}
[2020-07-31T14:51:51.271] [INFO] cheese - 响应时间为:0s
[2020-07-31T14:52:37.068] [INFO] cheese - 请求参数:POST /mock-api/v1/user/info  ,接受到的参数:===>{"username":"admin","meta":{"signature":"23358d7b37a66e602f36e259e100d53b","_":"1596178356962"}}
[2020-07-31T14:52:37.069] [INFO] cheese - 响应时间为:0.001s
[2020-07-31T14:52:42.549] [INFO] cheese - 请求参数:POST /mock-api/v1/user/info  ,接受到的参数:===>{"username":"admin","meta":{"signature":"22b8407c58833b811a37937ec2687c36","_":"1596178362454"}}
[2020-07-31T14:52:42.549] [INFO] cheese - 响应时间为:0s
[2020-07-31T14:52:49.646] [INFO] cheese - 请求参数:POST /mock-api/v1/user/info  ,接受到的参数:===>{"username":"admin","meta":{"signature":"3affbaf377164aafac21d2db0c204d95","_":"1596178369540"}}
[2020-07-31T14:52:49.646] [INFO] cheese - 响应时间为:0s
[2020-07-31T14:52:57.121] [INFO] cheese - 请求参数:POST /mock-api/v1/user/info  ,接受到的参数:===>{"username":"admin","meta":{"signature":"7d1ce82fcdada10fef83c93e9f94fcbd","_":"1596178377040"}}
[2020-07-31T14:52:57.122] [INFO] cheese - 响应时间为:0.001s
[2020-07-31T14:53:05.991] [INFO] cheese - 请求参数:POST /mock-api/v1/user/info  ,接受到的参数:===>{"username":"admin","meta":{"signature":"a7a572582b5bf5e3d4038df74fbc3399","_":"1596178385896"}}
[2020-07-31T14:53:05.991] [INFO] cheese - 响应时间为:0s
[2020-07-31T14:53:11.929] [INFO] cheese - 请求参数:POST /mock-api/v1/user/info  ,接受到的参数:===>{"username":"admin","meta":{"signature":"22b47f16be5efaa6ac0e7d3d8c7d96a5","_":"1596178391841"}}
[2020-07-31T14:53:11.930] [INFO] cheese - 响应时间为:0.001s
[2020-07-31T14:54:20.072] [INFO] cheese - 请求参数:POST /mock-api/v1/user/info  ,接受到的参数:===>{"username":"admin","meta":{"signature":"62ccffb5a9511a87225cde628442cf72","_":"1596178459933"}}
[2020-07-31T14:54:20.072] [INFO] cheese - 响应时间为:0.001s
[2020-07-31T14:54:30.367] [INFO] cheese - 请求参数:POST /mock-api/v1/user/info  ,接受到的参数:===>{"username":"admin","meta":{"signature":"8652b971c55a8258884941ef755d76ea","_":"1596178470280"}}
[2020-07-31T14:54:30.368] [INFO] cheese - 响应时间为:0.001s
[2020-07-31T14:55:12.762] [INFO] cheese - 请求参数:POST /mock-api/v1/user/info  ,接受到的参数:===>{"username":"admin","meta":{"signature":"548042bd57ca34cc4945f8910af68b9b","_":"1596178512678"}}
[2020-07-31T14:55:12.762] [INFO] cheese - 响应时间为:0s
[2020-07-31T14:56:05.543] [INFO] cheese - 请求参数:POST /mock-api/v1/user/info  ,接受到的参数:===>{"username":"admin","meta":{"signature":"e2178ad3a2cdcb38cf3b62b2b80259ab","_":"1596178565446"}}
[2020-07-31T14:56:05.543] [INFO] cheese - 响应时间为:0s
[2020-07-31T14:56:54.910] [INFO] cheese - 请求参数:POST /mock-api/v1/user/info  ,接受到的参数:===>{"username":"admin","meta":{"signature":"1ca94ec9bd204999af54c4f008c4b573","_":"1596178614762"}}
[2020-07-31T14:56:54.910] [INFO] cheese - 响应时间为:0s
[2020-07-31T14:57:10.823] [INFO] cheese - 请求参数:POST /mock-api/v1/user/info  ,接受到的参数:===>{"username":"admin","meta":{"signature":"bfccd76561077a6f797101fccf6bb406","_":"1596178630683"}}
[2020-07-31T14:57:10.823] [INFO] cheese - 响应时间为:0s
[2020-07-31T14:58:34.672] [INFO] cheese - 请求参数:POST /mock-api/v1/user/info  ,接受到的参数:===>{"username":"admin","meta":{"signature":"bd29dacea5f2d8d5c4a9ab1e5fe941d5","_":"1596178714500"}}
[2020-07-31T14:58:34.672] [INFO] cheese - 响应时间为:0s
[2020-07-31T14:58:56.573] [INFO] cheese - 请求参数:POST /mock-api/v1/user/info  ,接受到的参数:===>{"username":"admin","meta":{"signature":"d0021be592c691334a5578a6a1aa0730","_":"1596178736493"}}
[2020-07-31T14:58:56.573] [INFO] cheese - 响应时间为:0s
[2020-07-31T14:59:05.857] [INFO] cheese - 请求参数:POST /mock-api/v1/user/info  ,接受到的参数:===>{"username":"admin","meta":{"signature":"775162db43913464f47843252903adea","_":"1596178745780"}}
[2020-07-31T14:59:05.857] [INFO] cheese - 响应时间为:0s
[2020-07-31T14:59:29.768] [INFO] cheese - 请求参数:POST /mock-api/v1/user/info  ,接受到的参数:===>{"username":"admin","meta":{"signature":"f440b9dc2cbb775638b97a19af2b24b6","_":"1596178769653"}}
[2020-07-31T14:59:29.768] [INFO] cheese - 响应时间为:0s
[2020-07-31T15:00:13.993] [INFO] cheese - 请求参数:POST /mock-api/v1/user/info  ,接受到的参数:===>{"username":"admin","meta":{"signature":"8b0620378c0ea464cd6ee5866efdc498","_":"1596178813909"}}
[2020-07-31T15:00:13.993] [INFO] cheese - 响应时间为:0s
[2020-07-31T15:03:21.450] [INFO] cheese - 请求参数:POST /mock-api/v1/user/login  ,接受到的参数:===>{"username":"admin","password":"123456"}
[2020-07-31T15:03:21.451] [INFO] cheese - 响应时间为:0.001s
[2020-07-31T15:03:21.663] [INFO] cheese - 请求参数:POST /mock-api/v1/user/info  ,接受到的参数:===>{"username":"admin","meta":{"signature":"95c59e1e3a952d19fae22d2265b9ec81","_":"1596179001648"}}
[2020-07-31T15:03:21.663] [INFO] cheese - 响应时间为:0s
[2020-07-31T15:03:49.103] [INFO] cheese - 请求参数:POST /mock-api/v1/user/info  ,接受到的参数:===>{"username":"admin","meta":{"signature":"b7550cadf0fed04a86d9be32a90d9519","_":"1596179029005"}}
[2020-07-31T15:03:49.104] [INFO] cheese - 响应时间为:0.001s
[2020-07-31T15:04:15.235] [INFO] cheese - 请求参数:POST /mock-api/v1/user/info  ,接受到的参数:===>{"username":"admin","meta":{"signature":"f782da2d6f2f84fab75277e3ae2fee79","_":"1596179055086"}}
[2020-07-31T15:04:15.235] [INFO] cheese - 响应时间为:0s
[2020-07-31T15:05:06.679] [INFO] cheese - 请求参数:POST /mock-api/v1/user/info  ,接受到的参数:===>{"username":"admin","meta":{"signature":"7ee1dabe9ed0c7eb57553f68c1512770","_":"1596179106587"}}
[2020-07-31T15:05:06.679] [INFO] cheese - 响应时间为:0s
[2020-07-31T15:05:26.201] [INFO] cheese - 请求参数:POST /mock-api/v1/user/info  ,接受到的参数:===>{"username":"admin","meta":{"signature":"9fc072c7bce4658cb998d6a6f8aa618f","_":"1596179126112"}}
[2020-07-31T15:05:26.201] [INFO] cheese - 响应时间为:0s
[2020-07-31T15:05:38.737] [INFO] cheese - 请求参数:POST /mock-api/v1/user/info  ,接受到的参数:===>{"username":"admin","meta":{"signature":"53a3ba5da31d2e3f2829d226400b84a8","_":"1596179138640"}}
[2020-07-31T15:05:38.737] [INFO] cheese - 响应时间为:0s
[2020-07-31T15:05:43.724] [INFO] cheese - 请求参数:POST /mock-api/v1/user/info  ,接受到的参数:===>{"username":"admin","meta":{"signature":"6ae7b74c9a7ba94315c073819073605e","_":"1596179143645"}}
[2020-07-31T15:05:43.724] [INFO] cheese - 响应时间为:0s
[2020-07-31T15:06:32.089] [INFO] cheese - 请求参数:POST /mock-api/v1/user/info  ,接受到的参数:===>{"username":"admin","meta":{"signature":"69db60df2f02138c1b48e6b86b1f0bb2","_":"1596179191931"}}
[2020-07-31T15:06:32.089] [INFO] cheese - 响应时间为:0s
[2020-07-31T15:07:39.310] [INFO] cheese - 请求参数:POST /mock-api/v1/user/info  ,接受到的参数:===>{"username":"admin","meta":{"signature":"3552641f45d1018b3c327fbb1fd85112","_":"1596179259142"}}
[2020-07-31T15:07:39.310] [INFO] cheese - 响应时间为:0s
[2020-07-31T15:08:09.878] [INFO] cheese - 请求参数:POST /mock-api/v1/user/info  ,接受到的参数:===>{"username":"admin","meta":{"signature":"f233bae561b62ea3b023800f6400d5ed","_":"1596179289729"}}
[2020-07-31T15:08:09.878] [INFO] cheese - 响应时间为:0.001s
[2020-07-31T15:08:13.256] [INFO] cheese - 请求参数:POST /mock-api/v1/user/login  ,接受到的参数:===>{"username":"admin","password":"123456"}
[2020-07-31T15:08:13.256] [INFO] cheese - 响应时间为:0s
[2020-07-31T15:08:13.463] [INFO] cheese - 请求参数:POST /mock-api/v1/user/info  ,接受到的参数:===>{"username":"admin","meta":{"signature":"9b60d44d23d6c8bcf190ee760e6de8b3","_":"1596179293453"}}
[2020-07-31T15:08:13.463] [INFO] cheese - 响应时间为:0s
[2020-07-31T15:10:30.297] [INFO] cheese - 请求参数:POST /mock-api/v1/user/info  ,接受到的参数:===>{"username":"admin","meta":{"signature":"69dd2ca576b390b912c6a891ad0659f0","_":"1596179430202"}}
[2020-07-31T15:10:30.298] [INFO] cheese - 响应时间为:0.001s
[2020-07-31T15:12:24.339] [INFO] cheese - 请求参数:POST /mock-api/v1/user/info  ,接受到的参数:===>{"username":"admin","meta":{"signature":"ae68f51dc77d7b25ae69d79f9a202246","_":"1596179544217"}}
[2020-07-31T15:12:24.342] [INFO] cheese - 响应时间为:0.004s
[2020-07-31T15:12:27.713] [INFO] cheese - 请求参数:POST /mock-api/v1/user/login  ,接受到的参数:===>{"username":"admin","password":"123456"}
[2020-07-31T15:12:27.714] [INFO] cheese - 响应时间为:0.001s
[2020-07-31T15:12:27.921] [INFO] cheese - 请求参数:POST /mock-api/v1/user/info  ,接受到的参数:===>{"username":"admin","meta":{"signature":"eb95e6637bcbe70b65b2bb6641e8cb5a","_":"1596179547910"}}
[2020-07-31T15:12:27.921] [INFO] cheese - 响应时间为:0s
[2020-07-31T15:13:42.406] [INFO] cheese - 请求参数:POST /mock-api/v1/user/info  ,接受到的参数:===>{"username":"admin","meta":{"signature":"b0d7de0b9f13499226a271135e3e44aa","_":"1596179622305"}}
[2020-07-31T15:13:42.406] [INFO] cheese - 响应时间为:0s
[2020-07-31T15:13:45.292] [INFO] cheese - 请求参数:POST /mock-api/v1/user/login  ,接受到的参数:===>{"username":"admin","password":"123456"}
[2020-07-31T15:13:45.292] [INFO] cheese - 响应时间为:0s
[2020-07-31T15:13:45.500] [INFO] cheese - 请求参数:POST /mock-api/v1/user/info  ,接受到的参数:===>{"username":"admin","meta":{"signature":"0e39d8b13cc775333e4c21f3cecb272a","_":"1596179625489"}}
[2020-07-31T15:13:45.500] [INFO] cheese - 响应时间为:0s
[2020-07-31T15:14:26.083] [INFO] cheese - 请求参数:POST /mock-api/v1/user/login  ,接受到的参数:===>{"username":"admin","password":"123456"}
[2020-07-31T15:14:26.083] [INFO] cheese - 响应时间为:0s
[2020-07-31T15:14:26.291] [INFO] cheese - 请求参数:POST /mock-api/v1/user/info  ,接受到的参数:===>{"username":"admin","meta":{"signature":"8760f73a19aefd1e9e3c3c5d83c27c39","_":"1596179666280"}}
[2020-07-31T15:14:26.291] [INFO] cheese - 响应时间为:0.001s
[2020-07-31T15:14:37.309] [INFO] cheese - 请求参数:POST /mock-api/v1/user/info  ,接受到的参数:===>{"username":"admin","meta":{"signature":"3e11d65c99835675a161c9d8253cc341","_":"1596179677208"}}
[2020-07-31T15:14:37.310] [INFO] cheese - 响应时间为:0.001s
[2020-07-31T15:14:59.990] [INFO] cheese - 请求参数:POST /mock-api/v1/user/info  ,接受到的参数:===>{"username":"admin","meta":{"signature":"9857453ddb9c5d44a09b52800c5ca1b0","_":"1596179699949"}}
[2020-07-31T15:14:59.990] [INFO] cheese - 响应时间为:0s
[2020-07-31T15:15:06.635] [INFO] cheese - 请求参数:POST /mock-api/v1/user/info  ,接受到的参数:===>{"username":"admin","meta":{"signature":"5f41ca09ba309df8bc798e57db5fdf5a","_":"1596179706440"}}
[2020-07-31T15:15:06.635] [INFO] cheese - 响应时间为:0s
[2020-07-31T15:15:15.328] [INFO] cheese - 请求参数:POST /mock-api/v1/user/info  ,接受到的参数:===>{"username":"admin","meta":{"signature":"391808ff98c5d99139b677969d65c56b","_":"1596179715172"}}
[2020-07-31T15:15:15.328] [INFO] cheese - 响应时间为:0s
[2020-07-31T15:15:21.430] [INFO] cheese - 请求参数:POST /mock-api/v1/user/logout  ,接受到的参数:===>{"meta":{"signature":"2f2405a8a1226714cd0125ca626f6c0b","_":"1596179721417"}}
[2020-07-31T15:15:21.431] [INFO] cheese - 响应时间为:0.001s
[2020-07-31T15:15:25.378] [INFO] cheese - 请求参数:POST /mock-api/v1/user/login  ,接受到的参数:===>{"username":"admin","password":"123456"}
[2020-07-31T15:15:25.379] [INFO] cheese - 响应时间为:0.001s
[2020-07-31T15:15:25.617] [INFO] cheese - 请求参数:POST /mock-api/v1/user/info  ,接受到的参数:===>{"username":"admin","meta":{"signature":"0a0a5e0874b8f5bfe691afc16f27babd","_":"1596179725577"}}
[2020-07-31T15:15:25.617] [INFO] cheese - 响应时间为:0s
[2020-07-31T15:15:36.867] [INFO] cheese - 请求参数:POST /mock-api/v1/user/info  ,接受到的参数:===>{"username":"admin","meta":{"signature":"507b134214c14efd44de1e89e71ef3ac","_":"1596179736761"}}
[2020-07-31T15:15:36.867] [INFO] cheese - 响应时间为:0s
[2020-07-31T15:15:39.564] [INFO] cheese - 请求参数:POST /mock-api/v1/user/logout  ,接受到的参数:===>{"meta":{"signature":"2dbb40ae754f9b765bb1964e53bc8f3c","_":"1596179739555"}}
[2020-07-31T15:15:39.564] [INFO] cheese - 响应时间为:0s
[2020-07-31T15:16:39.443] [INFO] cheese - 请求参数:POST /mock-api/v1/user/login  ,接受到的参数:===>{"username":"admin","password":"123456"}
[2020-07-31T15:16:39.443] [INFO] cheese - 响应时间为:0s
[2020-07-31T15:16:39.654] [INFO] cheese - 请求参数:POST /mock-api/v1/user/info  ,接受到的参数:===>{"username":"admin","meta":{"signature":"d138c77fcf6543d4bd1b13736c6ca41c","_":"1596179799643"}}
[2020-07-31T15:16:39.654] [INFO] cheese - 响应时间为:0s
[2020-07-31T15:16:59.257] [INFO] cheese - 请求参数:POST /mock-api/v1/user/info  ,接受到的参数:===>{"username":"admin","meta":{"signature":"90744a8fd102bb279f6f6dee98725f2b","_":"1596179819170"}}
[2020-07-31T15:16:59.258] [INFO] cheese - 响应时间为:0.001s
[2020-07-31T15:18:08.444] [INFO] cheese - 请求参数:POST /mock-api/v1/user/info  ,接受到的参数:===>{"username":"admin","meta":{"signature":"47536569e3a8488c9585a204f50fcf21","_":"1596179888280"}}
[2020-07-31T15:18:08.444] [INFO] cheese - 响应时间为:0s
[2020-07-31T15:18:56.969] [INFO] cheese - 请求参数:POST /mock-api/v1/user/info  ,接受到的参数:===>{"username":"admin","meta":{"signature":"d0566e4c5b2260aea5023ce039ff7fa5","_":"1596179936861"}}
[2020-07-31T15:18:56.969] [INFO] cheese - 响应时间为:0s
[2020-07-31T15:20:04.912] [INFO] cheese - 请求参数:POST /mock-api/v1/user/info  ,接受到的参数:===>{"username":"admin","meta":{"signature":"b0b3582f84949288bfdd00f92676cc75","_":"1596180004815"}}
[2020-07-31T15:20:04.912] [INFO] cheese - 响应时间为:0s
[2020-07-31T15:21:44.592] [INFO] cheese - 请求参数:POST /mock-api/v1/user/info  ,接受到的参数:===>{"username":"admin","meta":{"signature":"d205390de871e88199e397e1150b1497","_":"1596180104536"}}
[2020-07-31T15:21:44.594] [INFO] cheese - 响应时间为:0.003s
[2020-07-31T15:23:14.781] [INFO] cheese - 请求参数:POST /mock-api/v1/user/login  ,接受到的参数:===>{"username":"admin","password":"123456"}
[2020-07-31T15:23:14.784] [INFO] cheese - 响应时间为:0.003s
[2020-07-31T15:23:14.990] [INFO] cheese - 请求参数:POST /mock-api/v1/user/info  ,接受到的参数:===>{"username":"admin","meta":{"signature":"b158254a9d457bf9eb0d4cbcd21ec3e2","_":"1596180194980"}}
[2020-07-31T15:23:14.990] [INFO] cheese - 响应时间为:0s
[2020-07-31T15:29:57.952] [INFO] cheese - 请求参数:POST /mock-api/v1/user/info  ,接受到的参数:===>{"username":"admin","meta":{"signature":"e30af6b62bff9bf8d45552258fdb5d21","_":"1596180597928"}}
[2020-07-31T15:29:57.953] [INFO] cheese - 响应时间为:0.001s
[2020-07-31T15:30:02.675] [INFO] cheese - 请求参数:POST /mock-api/v1/user/info  ,接受到的参数:===>{"username":"admin","meta":{"signature":"9825a4976a84952e21ada81c51fa7952","_":"1596180602667"}}
[2020-07-31T15:30:02.675] [INFO] cheese - 响应时间为:0s
[2020-07-31T15:30:05.123] [INFO] cheese - 请求参数:POST /mock-api/v1/user/info  ,接受到的参数:===>{"username":"admin","meta":{"signature":"e1f8c396f864867d8d1d189a4cd315bf","_":"1596180605097"}}
[2020-07-31T15:30:05.123] [INFO] cheese - 响应时间为:0s
[2020-07-31T15:30:31.237] [INFO] cheese - 请求参数:POST /mock-api/v1/user/info  ,接受到的参数:===>{"username":"admin","meta":{"signature":"a7cbafcdfeed131806c974d1270db9bb","_":"1596180631206"}}
[2020-07-31T15:30:31.240] [INFO] cheese - 响应时间为:0.004s
[2020-07-31T15:30:34.095] [INFO] cheese - 请求参数:POST /mock-api/v1/user/login  ,接受到的参数:===>{"username":"admin","password":"123456","meta":{"signature":"f0e32518b3c65c30b3eee699e7b30ea9","_":"1596180634085"}}
[2020-07-31T15:30:34.096] [INFO] cheese - 响应时间为:0.001s
[2020-07-31T15:30:43.653] [INFO] cheese - 请求参数:POST /mock-api/v1/user/info  ,接受到的参数:===>{"username":"admin","meta":{"signature":"0f6eccea72b1bd9ebb947e8119470d49","_":"1596180643626"}}
[2020-07-31T15:30:43.654] [INFO] cheese - 响应时间为:0.001s
[2020-07-31T15:31:40.731] [INFO] cheese - 请求参数:POST /mock-api/v1/user/info  ,接受到的参数:===>{"username":"admin","meta":{"signature":"035cf7f386071bb1ef27b01f4f49c58d","_":"1596180700718"}}
[2020-07-31T15:31:40.731] [INFO] cheese - 响应时间为:0.001s
[2020-07-31T15:33:18.342] [INFO] cheese - 请求参数:POST /mock-api/v1/user/info  ,接受到的参数:===>{"username":"admin","meta":{"signature":"4ceb842b948d4e704e2ac5b217fc51dc","_":"1596180798217"}}
[2020-07-31T15:33:18.343] [INFO] cheese - 响应时间为:0.001s
[2020-07-31T15:36:53.483] [INFO] cheese - 请求参数:POST /mock-api/v1/user/logout  ,接受到的参数:===>{"meta":{"signature":"9f2ec26e529f4b28e203ac5976f83ead","_":"1596181013454"}}
[2020-07-31T15:36:53.485] [INFO] cheese - 响应时间为:0.003s
[2020-07-31T15:37:00.473] [INFO] cheese - 请求参数:POST /mock-api/v1/user/login  ,接受到的参数:===>{"username":"visitor","password":"123456"}
[2020-07-31T15:37:00.474] [INFO] cheese - 响应时间为:0.001s
[2020-07-31T15:37:00.681] [INFO] cheese - 请求参数:POST /mock-api/v1/user/info  ,接受到的参数:===>{"username":"visitor","meta":{"signature":"a1e57070a51c3db7c6ced07c21582bf4","_":"1596181020671"}}
[2020-07-31T15:37:00.682] [INFO] cheese - 响应时间为:0.001s
[2020-07-31T15:39:33.001] [INFO] cheese - 请求参数:POST /mock-api/v1/user/info  ,接受到的参数:===>{"username":"visitor","meta":{"signature":"51917bef922692afd481a5e3ccc92c8f","_":"1596181172885"}}
[2020-07-31T15:39:33.002] [INFO] cheese - 响应时间为:0.001s
[2020-07-31T15:40:18.735] [INFO] cheese - 请求参数:POST /mock-api/v1/user/info  ,接受到的参数:===>{"username":"visitor","meta":{"signature":"5ddd019384e859c71a47e44f53fd09a6","_":"1596181218621"}}
[2020-07-31T15:40:18.735] [INFO] cheese - 响应时间为:0s
[2020-07-31T15:40:59.308] [INFO] cheese - 请求参数:POST /mock-api/v1/user/info  ,接受到的参数:===>{"username":"visitor","meta":{"signature":"e5e0cb37d09b779471d872446bd2f13a","_":"1596181259188"}}
[2020-07-31T15:40:59.308] [INFO] cheese - 响应时间为:0s
[2020-07-31T15:41:22.759] [INFO] cheese - 请求参数:POST /mock-api/v1/user/info  ,接受到的参数:===>{"username":"visitor","meta":{"signature":"db83db0f35b46a34d72034961fa4f40e","_":"1596181282556"}}
[2020-07-31T15:41:22.759] [INFO] cheese - 响应时间为:0s
[2020-07-31T15:42:31.125] [INFO] cheese - 请求参数:POST /mock-api/v1/user/info  ,接受到的参数:===>{"username":"visitor","meta":{"signature":"2393b97672649a7353447b0ad9cfa432","_":"1596181351041"}}
[2020-07-31T15:42:31.125] [INFO] cheese - 响应时间为:0s
[2020-07-31T15:46:00.225] [INFO] cheese - 请求参数:POST /mock-api/v1/user/info  ,接受到的参数:===>{"username":"visitor","meta":{"signature":"91f3baa71acb2dec882e7f35bae2f4eb","_":"1596181560142"}}
[2020-07-31T15:46:00.225] [INFO] cheese - 响应时间为:0s
[2020-07-31T16:09:57.318] [INFO] cheese - 请求参数:POST /mock-api/v1/user/login  ,接受到的参数:===>{"username":"admin","password":"123456"}
[2020-07-31T16:09:57.320] [INFO] cheese - 响应时间为:0.003s
[2020-07-31T16:09:57.527] [INFO] cheese - 请求参数:POST /mock-api/v1/user/info  ,接受到的参数:===>{"username":"admin","meta":{"signature":"83319aa3a95f3cf2cf70a210371586fc","_":"1596182997520"}}
[2020-07-31T16:09:57.528] [INFO] cheese - 响应时间为:0.001s
[2020-07-31T16:10:27.272] [INFO] cheese - 请求参数:POST /mock-api/v1/user/logout  ,接受到的参数:===>{"meta":{"signature":"20aa83c615231a681f19a275cf384f8b","_":"1596183027251"}}
[2020-07-31T16:10:27.273] [INFO] cheese - 响应时间为:0.001s
[2020-07-31T16:20:35.079] [INFO] cheese - 请求参数:POST /mock-api/v1/user/login  ,接受到的参数:===>{"username":"admin","password":"123456"}
[2020-07-31T16:20:35.080] [INFO] cheese - 响应时间为:0.001s
[2020-07-31T16:20:35.292] [INFO] cheese - 请求参数:POST /mock-api/v1/user/info  ,接受到的参数:===>{"username":"admin","meta":{"signature":"ac6de927e58d47719a2a49b6a3c69f83","_":"1596183635278"}}
[2020-07-31T16:20:35.292] [INFO] cheese - 响应时间为:0s
[2020-07-31T16:21:48.827] [INFO] cheese - 请求参数:POST /mock-api/v1/user/info  ,接受到的参数:===>{"username":"admin","meta":{"signature":"9e2e38c080eb108fcb41c071ff6e0520","_":"1596183708819"}}
[2020-07-31T16:21:48.827] [INFO] cheese - 响应时间为:0s
[2020-07-31T16:22:10.811] [INFO] cheese - 请求参数:POST /mock-api/v1/user/logout  ,接受到的参数:===>{"meta":{"signature":"090829b7ccf98eabdca9a61361b438bd","_":"1596183730800"}}
[2020-07-31T16:22:10.811] [INFO] cheese - 响应时间为:0s
[2020-07-31T17:04:11.113] [INFO] cheese - 请求参数:POST /mock-api/v1/user/login  ,接受到的参数:===>{"username":"admin","password":"123456"}
[2020-07-31T17:04:11.115] [INFO] cheese - 响应时间为:0.003s
[2020-07-31T17:04:11.330] [INFO] cheese - 请求参数:POST /mock-api/v1/user/info  ,接受到的参数:===>{"username":"admin","meta":{"signature":"b5b9c7084048edd0f5a3b8c4f0e848cd","_":"1596186251315"}}
[2020-07-31T17:04:11.330] [INFO] cheese - 响应时间为:0s
[2020-07-31T17:05:55.003] [INFO] cheese - 请求参数:POST /mock-api/v1/user/info  ,接受到的参数:===>{"username":"admin","meta":{"signature":"5f09b47b70ea84f0bf6ed73e711458e3","_":"1596186354831"}}
[2020-07-31T17:05:55.003] [INFO] cheese - 响应时间为:0s
[2020-07-31T17:06:46.090] [INFO] cheese - 请求参数:POST /mock-api/v1/user/info  ,接受到的参数:===>{"username":"admin","meta":{"signature":"7d3b1fb95b068277b69093f87f9005c2","_":"1596186406075"}}
[2020-07-31T17:06:46.091] [INFO] cheese - 响应时间为:0.001s
[2020-07-31T17:06:50.122] [INFO] cheese - 请求参数:POST /mock-api/v1/user/info  ,接受到的参数:===>{"username":"admin","meta":{"signature":"64c7877d060a368bf927603c7b6539b5","_":"1596186410108"}}
[2020-07-31T17:06:50.122] [INFO] cheese - 响应时间为:0.001s
[2020-07-31T17:06:52.779] [INFO] cheese - 请求参数:POST /mock-api/v1/user/info  ,接受到的参数:===>{"username":"admin","meta":{"signature":"f8b11f45ff976e20955532731c961dbb","_":"1596186412480"}}
[2020-07-31T17:06:52.779] [INFO] cheese - 响应时间为:0s
[2020-07-31T17:07:48.927] [INFO] cheese - 请求参数:POST /mock-api/v1/user/info  ,接受到的参数:===>{"username":"admin","meta":{"signature":"79612d12b6c32c0b5a55e9028ed428dc","_":"1596186468912"}}
[2020-07-31T17:07:48.928] [INFO] cheese - 响应时间为:0.001s
[2020-07-31T17:08:10.108] [INFO] cheese - 请求参数:POST /mock-api/v1/user/info  ,接受到的参数:===>{"username":"admin","meta":{"signature":"2aa4a9a4a94a3d50199a0a5da89c7345","_":"1596186490098"}}
[2020-07-31T17:08:10.108] [INFO] cheese - 响应时间为:0s
[2020-07-31T17:10:46.356] [INFO] cheese - 请求参数:POST /mock-api/v1/user/info  ,接受到的参数:===>{"username":"admin","meta":{"signature":"79aac6dcf1c039d4a754044f588759a8","_":"1596186646315"}}
[2020-07-31T17:10:46.359] [INFO] cheese - 响应时间为:0.004s
[2020-07-31T17:11:12.398] [INFO] cheese - 请求参数:POST /mock-api/v1/user/info  ,接受到的参数:===>{"username":"admin","meta":{"signature":"418a8d881c327a27fe164c51415b30f0","_":"1596186672385"}}
[2020-07-31T17:11:12.398] [INFO] cheese - 响应时间为:0s
[2020-07-31T17:11:17.476] [INFO] cheese - 请求参数:POST /mock-api/v1/user/login  ,接受到的参数:===>{"username":"admin","password":"123456"}
[2020-07-31T17:11:17.476] [INFO] cheese - 响应时间为:0s
[2020-07-31T17:11:17.688] [INFO] cheese - 请求参数:POST /mock-api/v1/user/info  ,接受到的参数:===>{"username":"admin","meta":{"signature":"bf8bf613c82ce7b6c21bf4d05886d3d6","_":"1596186677675"}}
[2020-07-31T17:11:17.689] [INFO] cheese - 响应时间为:0.001s
[2020-07-31T17:19:04.660] [INFO] cheese - 请求参数:POST /mock-api/v1/user/login  ,接受到的参数:===>{"username":"admin","password":"123456"}
[2020-07-31T17:19:04.664] [INFO] cheese - 响应时间为:0.005s
[2020-07-31T17:19:04.889] [INFO] cheese - 请求参数:POST /mock-api/v1/user/info  ,接受到的参数:===>{"username":"admin","meta":{"signature":"c242b58eb0cc1aa3490b5933da294a6a","_":"1596187144869"}}
[2020-07-31T17:19:04.890] [INFO] cheese - 响应时间为:0.001s
[2020-07-31T17:22:59.973] [INFO] cheese - 请求参数:POST /mock-api/v1/user/info  ,接受到的参数:===>{"username":"admin","meta":{"signature":"4d0cc395995bc89f15d1732b50bd8211","_":"1596187379919"}}
[2020-07-31T17:22:59.976] [INFO] cheese - 响应时间为:0.004s
[2020-07-31T17:44:22.312] [INFO] cheese - 请求参数:POST /mock-api/v1/user/login  ,接受到的参数:===>{"username":"admin","password":"123456"}
[2020-07-31T17:44:22.314] [INFO] cheese - 响应时间为:0.003s
[2020-07-31T17:44:22.528] [INFO] cheese - 请求参数:POST /mock-api/v1/user/info  ,接受到的参数:===>{"username":"admin","meta":{"signature":"da2d2d05ad15c46b5aec6ab055504dbe","_":"1596188662515"}}
[2020-07-31T17:44:22.528] [INFO] cheese - 响应时间为:0s
[2020-07-31T17:45:13.911] [INFO] cheese - 请求参数:POST /mock-api/v1/user/info  ,接受到的参数:===>{"username":"admin","meta":{"signature":"604c48e2231a01510c8f275ed92c2209","_":"1596188713882"}}
[2020-07-31T17:45:13.912] [INFO] cheese - 响应时间为:0.002s
[2020-07-31T17:46:24.315] [INFO] cheese - 请求参数:POST /mock-api/v1/user/info  ,接受到的参数:===>{"username":"admin","meta":{"signature":"ca6db2cc84c711c40d322fd533b0efeb","_":"1596188784293"}}
[2020-07-31T17:46:24.315] [INFO] cheese - 响应时间为:0.001s
[2020-07-31T17:46:36.064] [INFO] cheese - 请求参数:POST /mock-api/v1/user/info  ,接受到的参数:===>{"username":"admin","meta":{"signature":"293150a91499e9957e3ed6464b66e868","_":"1596188795942"}}
[2020-07-31T17:46:36.066] [INFO] cheese - 响应时间为:0.002s
[2020-07-31T17:47:37.966] [INFO] cheese - 请求参数:POST /mock-api/v1/user/info  ,接受到的参数:===>{"username":"admin","meta":{"signature":"a36594a6e30e7dbaf7db3869ec9d6c7e","_":"1596188857851"}}
[2020-07-31T17:47:37.967] [INFO] cheese - 响应时间为:0.001s
[2020-07-31T17:47:53.440] [INFO] cheese - 请求参数:POST /mock-api/v1/user/info  ,接受到的参数:===>{"username":"admin","meta":{"signature":"3162b7bd2e8969338a600aa863cf4144","_":"1596188873399"}}
[2020-07-31T17:47:53.440] [INFO] cheese - 响应时间为:0s
